<?xml version="1.0" encoding="utf-8"?>
<!DOCTYPE coverage SYSTEM "http://cobertura.sourceforge.net/xml/coverage-04.dtd">
<coverage line-rate="1" branch-rate="0.74" lines-covered="126" lines-valid="126" branches-covered="37" branches-valid="50" complexity="85" version="0" timestamp="1620315735">
  <sources />
  <packages>
    <package name="FpMineSweeper" line-rate="1" branch-rate="0.7272727272727273" complexity="43">
      <classes>
        <class name="FpMineSweeper.Cell" filename="/home/runner/work/KATA-MineSweeper-20210502b/KATA-MineSweeper-20210502b/src/FpMineSweeper/Cell.cs" line-rate="1" branch-rate="1" complexity="NaN">
          <methods>
            <method name=".ctor" signature="(System.Int32,System.Int32,System.Boolean,System.Int32,System.Boolean)" line-rate="1" branch-rate="1" complexity="NaN">
              <lines>
                <line number="3" hits="144" branch="false" />
              </lines>
            </method>
          </methods>
          <lines>
            <line number="3" hits="144" branch="false" />
          </lines>
        </class>
        <class name="FpMineSweeper.CellHelper" filename="/home/runner/work/KATA-MineSweeper-20210502b/KATA-MineSweeper-20210502b/src/FpMineSweeper/CellHelper.cs" line-rate="1" branch-rate="1" complexity="NaN">
          <methods>
            <method name="Click" signature="(FpMineSweeper.Cell)" line-rate="1" branch-rate="1" complexity="NaN">
              <lines>
                <line number="5" hits="1" branch="false" />
              </lines>
            </method>
          </methods>
          <lines>
            <line number="5" hits="1" branch="false" />
          </lines>
        </class>
        <class name="FpMineSweeper.MineField" filename="/home/runner/work/KATA-MineSweeper-20210502b/KATA-MineSweeper-20210502b/src/FpMineSweeper/MineField.cs" line-rate="1" branch-rate="0.75" complexity="11">
          <methods>
            <method name=".ctor" signature="(System.Int32,System.Int32,System.Collections.Generic.IEnumerable`1&lt;FpMineSweeper.Cell&gt;)" line-rate="1" branch-rate="0.75" complexity="NaN">
              <lines>
                <line number="8" hits="20" branch="false" />
                <line number="9" hits="5" branch="false" />
                <line number="10" hits="5" branch="false" />
                <line number="11" hits="12" branch="false" />
                <line number="12" hits="5" branch="false" />
                <line number="13" hits="12" branch="false" />
                <line number="14" hits="12" branch="false" />
                <line number="15" hits="12" branch="false" />
                <line number="16" hits="12" branch="false" />
                <line number="17" hits="12" branch="false" />
                <line number="18" hits="12" branch="false" />
                <line number="19" hits="12" branch="false" />
                <line number="20" hits="12" branch="false" />
                <line number="21" hits="12" branch="false" />
                <line number="22" hits="12" branch="false" />
                <line number="23" hits="5" branch="false" />
                <line number="24" hits="61" branch="true" condition-coverage="50% (1/2)" />
                <line number="25" hits="61" branch="false" />
                <line number="26" hits="142" branch="true" condition-coverage="88% (7/8)" />
                <line number="27" hits="92" branch="true" condition-coverage="50% (1/2)" />
                <line number="28" hits="61" branch="false" />
                <line number="29" hits="5" branch="false" />
                <line number="30" hits="12" branch="false" />
                <line number="31" hits="12" branch="false" />
                <line number="32" hits="5" branch="false" />
              </lines>
            </method>
            <method name="NearCellGenerator" signature="(System.ValueTuple`2&lt;System.Int32,System.Int32&gt;)" line-rate="1" branch-rate="0.75" complexity="NaN">
              <lines>
                <line number="11" hits="12" branch="false" />
                <line number="12" hits="5" branch="false" />
                <line number="13" hits="12" branch="false" />
                <line number="14" hits="12" branch="false" />
                <line number="15" hits="12" branch="false" />
                <line number="16" hits="12" branch="false" />
                <line number="17" hits="12" branch="false" />
                <line number="18" hits="12" branch="false" />
                <line number="19" hits="12" branch="false" />
                <line number="20" hits="12" branch="false" />
                <line number="21" hits="12" branch="false" />
                <line number="22" hits="12" branch="false" />
                <line number="23" hits="5" branch="false" />
                <line number="24" hits="61" branch="true" condition-coverage="50% (1/2)" />
                <line number="25" hits="61" branch="false" />
                <line number="26" hits="142" branch="true" condition-coverage="88% (7/8)" />
                <line number="27" hits="92" branch="true" condition-coverage="50% (1/2)" />
                <line number="28" hits="61" branch="false" />
                <line number="29" hits="5" branch="false" />
                <line number="30" hits="12" branch="false" />
                <line number="31" hits="12" branch="false" />
              </lines>
            </method>
            <method name="&gt;c__DisplayClass15_0/&lt;&lt;NearCellGenerator" signature="()" line-rate="1" branch-rate="1" complexity="11">
              <lines>
                <line number="13" hits="12" branch="false" />
                <line number="14" hits="12" branch="false" />
                <line number="15" hits="12" branch="false" />
                <line number="16" hits="12" branch="false" />
                <line number="17" hits="12" branch="false" />
                <line number="18" hits="12" branch="false" />
                <line number="19" hits="12" branch="false" />
                <line number="20" hits="12" branch="false" />
                <line number="21" hits="12" branch="false" />
                <line number="22" hits="12" branch="false" />
              </lines>
            </method>
          </methods>
          <lines>
            <line number="8" hits="20" branch="false" />
            <line number="9" hits="5" branch="false" />
            <line number="10" hits="5" branch="false" />
            <line number="11" hits="12" branch="false" />
            <line number="12" hits="5" branch="false" />
            <line number="13" hits="12" branch="false" />
            <line number="14" hits="12" branch="false" />
            <line number="15" hits="12" branch="false" />
            <line number="16" hits="12" branch="false" />
            <line number="17" hits="12" branch="false" />
            <line number="18" hits="12" branch="false" />
            <line number="19" hits="12" branch="false" />
            <line number="20" hits="12" branch="false" />
            <line number="21" hits="12" branch="false" />
            <line number="22" hits="12" branch="false" />
            <line number="23" hits="5" branch="false" />
            <line number="24" hits="61" branch="true" condition-coverage="50% (1/2)" />
            <line number="25" hits="61" branch="false" />
            <line number="26" hits="142" branch="true" condition-coverage="88% (7/8)" />
            <line number="27" hits="92" branch="true" condition-coverage="50% (1/2)" />
            <line number="28" hits="61" branch="false" />
            <line number="29" hits="5" branch="false" />
            <line number="30" hits="12" branch="false" />
            <line number="31" hits="12" branch="false" />
            <line number="32" hits="5" branch="false" />
          </lines>
        </class>
        <class name="FpMineSweeper.MineFieldInit" filename="/home/runner/work/KATA-MineSweeper-20210502b/KATA-MineSweeper-20210502b/src/FpMineSweeper/MineField.cs" line-rate="1" branch-rate="1" complexity="NaN">
          <methods>
            <method name=".ctor" signature="(System.Int32,System.Int32)" line-rate="1" branch-rate="1" complexity="NaN">
              <lines>
                <line number="37" hits="3" branch="false" />
                <line number="38" hits="3" branch="false" />
                <line number="39" hits="3" branch="false" />
              </lines>
            </method>
            <method name="SetBombs" signature="(System.Collections.Generic.IEnumerable`1&lt;System.ValueTuple`2&lt;System.Int32,System.Int32&gt;&gt;)" line-rate="1" branch-rate="1" complexity="NaN">
              <lines>
                <line number="42" hits="2" branch="false" />
                <line number="43" hits="2" branch="false" />
                <line number="44" hits="2" branch="false" />
                <line number="45" hits="8" branch="false" />
                <line number="46" hits="20" branch="false" />
                <line number="47" hits="20" branch="false" />
                <line number="48" hits="26" branch="false" />
                <line number="49" hits="44" branch="false" />
                <line number="50" hits="38" branch="false" />
                <line number="51" hits="20" branch="false" />
                <line number="52" hits="54" branch="false" />
                <line number="53" hits="76" branch="false" />
                <line number="54" hits="38" branch="false" />
                <line number="55" hits="38" branch="false" />
                <line number="56" hits="38" branch="false" />
                <line number="57" hits="38" branch="false" />
                <line number="58" hits="38" branch="false" />
                <line number="59" hits="56" branch="false" />
                <line number="60" hits="20" branch="false" />
                <line number="61" hits="20" branch="false" />
                <line number="62" hits="20" branch="false" />
                <line number="63" hits="20" branch="false" />
                <line number="64" hits="2" branch="false" />
              </lines>
            </method>
          </methods>
          <lines>
            <line number="37" hits="3" branch="false" />
            <line number="38" hits="3" branch="false" />
            <line number="39" hits="3" branch="false" />
            <line number="42" hits="2" branch="false" />
            <line number="43" hits="2" branch="false" />
            <line number="44" hits="2" branch="false" />
            <line number="45" hits="8" branch="false" />
            <line number="46" hits="20" branch="false" />
            <line number="47" hits="20" branch="false" />
            <line number="48" hits="26" branch="false" />
            <line number="49" hits="44" branch="false" />
            <line number="50" hits="38" branch="false" />
            <line number="51" hits="20" branch="false" />
            <line number="52" hits="54" branch="false" />
            <line number="53" hits="76" branch="false" />
            <line number="54" hits="38" branch="false" />
            <line number="55" hits="38" branch="false" />
            <line number="56" hits="38" branch="false" />
            <line number="57" hits="38" branch="false" />
            <line number="58" hits="38" branch="false" />
            <line number="59" hits="56" branch="false" />
            <line number="60" hits="20" branch="false" />
            <line number="61" hits="20" branch="false" />
            <line number="62" hits="20" branch="false" />
            <line number="63" hits="20" branch="false" />
            <line number="64" hits="2" branch="false" />
          </lines>
        </class>
        <class name="FpMineSweeper.MineFieldReady" filename="/home/runner/work/KATA-MineSweeper-20210502b/KATA-MineSweeper-20210502b/src/FpMineSweeper/MineField.cs" line-rate="1" branch-rate="1" complexity="NaN">
          <methods>
            <method name=".ctor" signature="(FpMineSweeper.MineFieldInit)" line-rate="1" branch-rate="1" complexity="NaN">
              <lines>
                <line number="70" hits="2" branch="false" />
                <line number="71" hits="2" branch="false" />
                <line number="72" hits="2" branch="false" />
              </lines>
            </method>
          </methods>
          <lines>
            <line number="70" hits="2" branch="false" />
            <line number="71" hits="2" branch="false" />
            <line number="72" hits="2" branch="false" />
          </lines>
        </class>
        <class name="FpMineSweeper.Prelude" filename="/home/runner/work/KATA-MineSweeper-20210502b/KATA-MineSweeper-20210502b/src/FpMineSweeper/Prelude.cs" line-rate="1" branch-rate="0.7" complexity="NaN">
          <methods>
            <method name="str" signature="(FpMineSweeper.Cell)" line-rate="1" branch-rate="0.7" complexity="NaN">
              <lines>
                <line number="5" hits="3" branch="true" condition-coverage="75% (6/8)" />
                <line number="6" hits="3" branch="false" />
                <line number="7" hits="4" branch="false" />
                <line number="8" hits="4" branch="false" />
                <line number="9" hits="4" branch="true" condition-coverage="50% (1/2)" />
                <line number="10" hits="3" branch="false" />
              </lines>
            </method>
            <method name="cell" signature="(System.Boolean,System.Int32,System.Boolean)" line-rate="1" branch-rate="1" complexity="NaN">
              <lines>
                <line number="13" hits="6" branch="false" />
              </lines>
            </method>
            <method name="cell" signature="(System.ValueTuple`2&lt;System.Int32,System.Int32&gt;,System.Boolean,System.Int32,System.Boolean)" line-rate="1" branch-rate="1" complexity="NaN">
              <lines>
                <line number="15" hits="18" branch="false" />
              </lines>
            </method>
            <method name="mineField" signature="(System.Int32,System.Int32)" line-rate="1" branch-rate="1" complexity="NaN">
              <lines>
                <line number="18" hits="3" branch="false" />
              </lines>
            </method>
          </methods>
          <lines>
            <line number="5" hits="3" branch="true" condition-coverage="75% (6/8)" />
            <line number="6" hits="3" branch="false" />
            <line number="7" hits="4" branch="false" />
            <line number="8" hits="4" branch="false" />
            <line number="9" hits="4" branch="true" condition-coverage="50% (1/2)" />
            <line number="10" hits="3" branch="false" />
            <line number="13" hits="6" branch="false" />
            <line number="15" hits="18" branch="false" />
            <line number="18" hits="3" branch="false" />
          </lines>
        </class>
      </classes>
    </package>
    <package name="MineSweeper" line-rate="1" branch-rate="0.75" complexity="42">
      <classes>
        <class name="MineSweeper.Cell" filename="/home/runner/work/KATA-MineSweeper-20210502b/KATA-MineSweeper-20210502b/src/MineSweeper/Cell.cs" line-rate="1" branch-rate="0.75" complexity="13">
          <methods>
            <method name=".ctor" signature="()" line-rate="1" branch-rate="1" complexity="1">
              <lines>
                <line number="8" hits="3" branch="false" />
                <line number="9" hits="3" branch="false" />
                <line number="10" hits="3" branch="false" />
              </lines>
            </method>
            <method name=".ctor" signature="(System.Collections.Generic.IEnumerable`1&lt;MineSweeper.Cell&gt;)" line-rate="1" branch-rate="1" complexity="NaN">
              <lines>
                <line number="12" hits="78" branch="false" />
                <line number="16" hits="39" branch="false" />
              </lines>
            </method>
            <method name="SetBomb" signature="()" line-rate="1" branch-rate="1" complexity="2">
              <lines>
                <line number="20" hits="6" branch="false" />
                <line number="21" hits="6" branch="false" />
                <line number="22" hits="23" branch="false" />
                <line number="23" hits="6" branch="false" />
              </lines>
            </method>
            <method name="Click" signature="()" line-rate="1" branch-rate="1" complexity="4">
              <lines>
                <line number="26" hits="22" branch="false" />
                <line number="27" hits="34" branch="false" />
                <line number="28" hits="10" branch="false" />
                <line number="30" hits="14" branch="true" condition-coverage="100% (2/2)" />
                <line number="32" hits="25" branch="false" />
                <line number="33" hits="22" branch="false" />
              </lines>
            </method>
            <method name="ToString" signature="()" line-rate="1" branch-rate="0.7" complexity="6">
              <lines>
                <line number="35" hits="12" branch="true" condition-coverage="75% (6/8)" />
                <line number="36" hits="12" branch="false" />
                <line number="37" hits="14" branch="false" />
                <line number="38" hits="13" branch="false" />
                <line number="39" hits="21" branch="true" condition-coverage="50% (1/2)" />
                <line number="40" hits="12" branch="false" />
              </lines>
            </method>
          </methods>
          <lines>
            <line number="8" hits="3" branch="false" />
            <line number="9" hits="3" branch="false" />
            <line number="10" hits="3" branch="false" />
            <line number="12" hits="78" branch="false" />
            <line number="16" hits="39" branch="false" />
            <line number="20" hits="6" branch="false" />
            <line number="21" hits="6" branch="false" />
            <line number="22" hits="23" branch="false" />
            <line number="23" hits="6" branch="false" />
            <line number="26" hits="22" branch="false" />
            <line number="27" hits="34" branch="false" />
            <line number="28" hits="10" branch="false" />
            <line number="30" hits="14" branch="true" condition-coverage="100% (2/2)" />
            <line number="32" hits="25" branch="false" />
            <line number="33" hits="22" branch="false" />
            <line number="35" hits="12" branch="true" condition-coverage="75% (6/8)" />
            <line number="36" hits="12" branch="false" />
            <line number="37" hits="14" branch="false" />
            <line number="38" hits="13" branch="false" />
            <line number="39" hits="21" branch="true" condition-coverage="50% (1/2)" />
            <line number="40" hits="12" branch="false" />
          </lines>
        </class>
        <class name="MineSweeper.MineField" filename="/home/runner/work/KATA-MineSweeper-20210502b/KATA-MineSweeper-20210502b/src/MineSweeper/MineField.cs" line-rate="1" branch-rate="0.75" complexity="NaN">
          <methods>
            <method name=".ctor" signature="(System.Int32,System.Int32,System.Int32)" line-rate="1" branch-rate="1" complexity="NaN">
              <lines>
                <line number="13" hits="2" branch="false" />
                <line number="14" hits="2" branch="false" />
                <line number="15" hits="4" branch="false" />
              </lines>
            </method>
            <method name=".ctor" signature="(System.Int32,System.Int32,System.Collections.Generic.IEnumerable`1&lt;System.ValueTuple`2&lt;System.Int32,System.Int32&gt;&gt;)" line-rate="1" branch-rate="0.5" complexity="NaN">
              <lines>
                <line number="17" hits="4" branch="false" />
                <line number="18" hits="4" branch="false" />
                <line number="19" hits="4" branch="false" />
                <line number="20" hits="4" branch="false" />
                <line number="22" hits="4" branch="false" />
                <line number="23" hits="16" branch="false" />
                <line number="24" hits="40" branch="false" />
                <line number="25" hits="4" branch="false" />
                <line number="27" hits="9" branch="true" condition-coverage="50% (1/2)" />
                <line number="28" hits="4" branch="false" />
              </lines>
            </method>
            <method name="GetCell" signature="(System.ValueTuple`2&lt;System.Int32,System.Int32&gt;)" line-rate="1" branch-rate="0.8333333333333334" complexity="NaN">
              <lines>
                <line number="34" hits="86" branch="true" condition-coverage="50% (1/2)" />
                <line number="35" hits="86" branch="false" />
                <line number="36" hits="196" branch="true" condition-coverage="100% (4/4)" />
                <line number="37" hits="168" branch="true" condition-coverage="100% (4/4)" />
                <line number="38" hits="128" branch="true" condition-coverage="50% (1/2)" />
                <line number="39" hits="86" branch="false" />
              </lines>
            </method>
            <method name="Click" signature="(System.Int32,System.Int32)" line-rate="1" branch-rate="0.5" complexity="NaN">
              <lines>
                <line number="42" hits="1" branch="true" condition-coverage="50% (1/2)" />
              </lines>
            </method>
          </methods>
          <lines>
            <line number="13" hits="2" branch="false" />
            <line number="14" hits="2" branch="false" />
            <line number="15" hits="4" branch="false" />
            <line number="17" hits="4" branch="false" />
            <line number="18" hits="4" branch="false" />
            <line number="19" hits="4" branch="false" />
            <line number="20" hits="4" branch="false" />
            <line number="22" hits="4" branch="false" />
            <line number="23" hits="16" branch="false" />
            <line number="24" hits="40" branch="false" />
            <line number="25" hits="4" branch="false" />
            <line number="27" hits="9" branch="true" condition-coverage="50% (1/2)" />
            <line number="28" hits="4" branch="false" />
            <line number="34" hits="86" branch="true" condition-coverage="50% (1/2)" />
            <line number="35" hits="86" branch="false" />
            <line number="36" hits="196" branch="true" condition-coverage="100% (4/4)" />
            <line number="37" hits="168" branch="true" condition-coverage="100% (4/4)" />
            <line number="38" hits="128" branch="true" condition-coverage="50% (1/2)" />
            <line number="39" hits="86" branch="false" />
            <line number="42" hits="1" branch="true" condition-coverage="50% (1/2)" />
          </lines>
        </class>
        <class name="MineSweeper.MineFieldHelper" filename="/home/runner/work/KATA-MineSweeper-20210502b/KATA-MineSweeper-20210502b/src/MineSweeper/MineFieldHelper.cs" line-rate="1" branch-rate="1" complexity="14">
          <methods>
            <method name="NearCellGenerator" signature="(System.Int32,System.Int32,System.Func`2&lt;System.ValueTuple`2&lt;System.Int32,System.Int32&gt;,MineSweeper.Cell&gt;)" line-rate="1" branch-rate="1" complexity="NaN">
              <lines>
                <line number="32" hits="36" branch="false" />
                <line number="33" hits="116" branch="false" />
                <line number="34" hits="116" branch="false" />
                <line number="35" hits="72" branch="false" />
              </lines>
            </method>
            <method name="RandomIndexGenerator" signature="()" line-rate="1" branch-rate="1" complexity="3">
              <lines>
                <line number="11" hits="1" branch="false" />
                <line number="12" hits="3" branch="false" />
                <line number="13" hits="3" branch="false" />
                <line number="14" hits="3" branch="false" />
                <line number="15" hits="3" branch="false" />
                <line number="16" hits="2" branch="false" />
              </lines>
            </method>
            <method name="NearPosGenerator" signature="()" line-rate="1" branch-rate="1" complexity="11">
              <lines>
                <line number="20" hits="11" branch="false" />
                <line number="21" hits="11" branch="false" />
                <line number="22" hits="11" branch="false" />
                <line number="23" hits="11" branch="false" />
                <line number="24" hits="11" branch="false" />
                <line number="25" hits="11" branch="false" />
                <line number="26" hits="11" branch="false" />
                <line number="27" hits="11" branch="false" />
                <line number="28" hits="11" branch="false" />
                <line number="29" hits="11" branch="false" />
              </lines>
            </method>
          </methods>
          <lines>
            <line number="11" hits="1" branch="false" />
            <line number="12" hits="3" branch="false" />
            <line number="13" hits="3" branch="false" />
            <line number="14" hits="3" branch="false" />
            <line number="15" hits="3" branch="false" />
            <line number="16" hits="2" branch="false" />
            <line number="20" hits="11" branch="false" />
            <line number="21" hits="11" branch="false" />
            <line number="22" hits="11" branch="false" />
            <line number="23" hits="11" branch="false" />
            <line number="24" hits="11" branch="false" />
            <line number="25" hits="11" branch="false" />
            <line number="26" hits="11" branch="false" />
            <line number="27" hits="11" branch="false" />
            <line number="28" hits="11" branch="false" />
            <line number="29" hits="11" branch="false" />
            <line number="32" hits="36" branch="false" />
            <line number="33" hits="116" branch="false" />
            <line number="34" hits="116" branch="false" />
            <line number="35" hits="72" branch="false" />
          </lines>
        </class>
      </classes>
    </package>
  </packages>
</coverage>